04-21-2020 @ 17:22:35 - Weight and cubage of the order: Array
(
    [weight] => 0,15
    [height] => 10
    [width] => 11
    [length] => 16
)

04-21-2020 @ 17:22:35 - Requesting Correios WebServices: http://ws.correios.com.br/calculador/CalcPrecoPrazo.aspx?nCdServico=04014&nCdEmpresa&sDsSenha&sCepDestino=37136248&sCepOrigem=37136248&nVlAltura=10&nVlLargura=11&nVlDiametro=0&nVlComprimento=16&nVlPeso=0,25&nCdFormato=1&sCdMaoPropria=S&nVlValorDeclarado=50&sCdAvisoRecebimento=S&StrRetorno=xml
04-21-2020 @ 17:22:35 - Correios WebServices response: SimpleXMLElement Object
(
    [cServico] => SimpleXMLElement Object
        (
            [Codigo] => 04014
            [Valor] => 35,44
            [PrazoEntrega] => 4
            [ValorSemAdicionais] => 21,00
            [ValorMaoPropria] => 7,50
            [ValorAvisoRecebimento] => 6,35
            [ValorValorDeclarado] => 0,59
            [EntregaDomiciliar] => S
            [EntregaSabado] => N
            [obsFim] => SimpleXMLElement Object
                (
                )

            [Erro] => 0
            [MsgErro] => SimpleXMLElement Object
                (
                )

        )

)

04-21-2020 @ 17:22:41 - Weight and cubage of the order: Array
(
    [weight] => 0,15
    [height] => 10
    [width] => 11
    [length] => 16
)

04-21-2020 @ 17:22:41 - Requesting Correios WebServices: http://ws.correios.com.br/calculador/CalcPrecoPrazo.aspx?nCdServico=04014&nCdEmpresa&sDsSenha&sCepDestino=37136248&sCepOrigem=37136248&nVlAltura=10&nVlLargura=11&nVlDiametro=0&nVlComprimento=16&nVlPeso=0,25&nCdFormato=1&sCdMaoPropria=S&nVlValorDeclarado=50&sCdAvisoRecebimento=S&StrRetorno=xml
04-21-2020 @ 17:22:42 - Correios WebServices response: SimpleXMLElement Object
(
    [cServico] => SimpleXMLElement Object
        (
            [Codigo] => 04014
            [Valor] => 35,44
            [PrazoEntrega] => 4
            [ValorSemAdicionais] => 21,00
            [ValorMaoPropria] => 7,50
            [ValorAvisoRecebimento] => 6,35
            [ValorValorDeclarado] => 0,59
            [EntregaDomiciliar] => S
            [EntregaSabado] => N
            [obsFim] => SimpleXMLElement Object
                (
                )

            [Erro] => 0
            [MsgErro] => SimpleXMLElement Object
                (
                )

        )

)

04-21-2020 @ 17:22:55 - Weight and cubage of the order: Array
(
    [weight] => 0,15
    [height] => 10
    [width] => 11
    [length] => 16
)

04-21-2020 @ 17:22:55 - Requesting Correios WebServices: http://ws.correios.com.br/calculador/CalcPrecoPrazo.aspx?nCdServico=04014&nCdEmpresa&sDsSenha&sCepDestino=37136248&sCepOrigem=37136248&nVlAltura=10&nVlLargura=11&nVlDiametro=0&nVlComprimento=16&nVlPeso=0,25&nCdFormato=1&sCdMaoPropria=S&nVlValorDeclarado=50&sCdAvisoRecebimento=S&StrRetorno=xml
04-21-2020 @ 17:22:55 - Correios WebServices response: SimpleXMLElement Object
(
    [cServico] => SimpleXMLElement Object
        (
            [Codigo] => 04014
            [Valor] => 35,44
            [PrazoEntrega] => 4
            [ValorSemAdicionais] => 21,00
            [ValorMaoPropria] => 7,50
            [ValorAvisoRecebimento] => 6,35
            [ValorValorDeclarado] => 0,59
            [EntregaDomiciliar] => S
            [EntregaSabado] => N
            [obsFim] => SimpleXMLElement Object
                (
                )

            [Erro] => 0
            [MsgErro] => SimpleXMLElement Object
                (
                )

        )

)

04-21-2020 @ 17:22:58 - Weight and cubage of the order: Array
(
    [weight] => 0,15
    [height] => 10
    [width] => 11
    [length] => 16
)

04-21-2020 @ 17:22:58 - Requesting Correios WebServices: http://ws.correios.com.br/calculador/CalcPrecoPrazo.aspx?nCdServico=04014&nCdEmpresa&sDsSenha&sCepDestino=37136248&sCepOrigem=37136248&nVlAltura=10&nVlLargura=11&nVlDiametro=0&nVlComprimento=16&nVlPeso=0,25&nCdFormato=1&sCdMaoPropria=S&nVlValorDeclarado=50&sCdAvisoRecebimento=S&StrRetorno=xml
04-21-2020 @ 17:22:58 - Correios WebServices response: SimpleXMLElement Object
(
    [cServico] => SimpleXMLElement Object
        (
            [Codigo] => 04014
            [Valor] => 35,44
            [PrazoEntrega] => 4
            [ValorSemAdicionais] => 21,00
            [ValorMaoPropria] => 7,50
            [ValorAvisoRecebimento] => 6,35
            [ValorValorDeclarado] => 0,59
            [EntregaDomiciliar] => S
            [EntregaSabado] => N
            [obsFim] => SimpleXMLElement Object
                (
                )

            [Erro] => 0
            [MsgErro] => SimpleXMLElement Object
                (
                )

        )

)

04-21-2020 @ 17:23:02 - Weight and cubage of the order: Array
(
    [weight] => 0,15
    [height] => 10
    [width] => 11
    [length] => 16
)

04-21-2020 @ 17:23:02 - Requesting Correios WebServices: http://ws.correios.com.br/calculador/CalcPrecoPrazo.aspx?nCdServico=04014&nCdEmpresa&sDsSenha&sCepDestino=37136248&sCepOrigem=37136248&nVlAltura=10&nVlLargura=11&nVlDiametro=0&nVlComprimento=16&nVlPeso=0,25&nCdFormato=1&sCdMaoPropria=S&nVlValorDeclarado=50&sCdAvisoRecebimento=S&StrRetorno=xml
04-21-2020 @ 17:23:03 - Correios WebServices response: SimpleXMLElement Object
(
    [cServico] => SimpleXMLElement Object
        (
            [Codigo] => 04014
            [Valor] => 35,44
            [PrazoEntrega] => 4
            [ValorSemAdicionais] => 21,00
            [ValorMaoPropria] => 7,50
            [ValorAvisoRecebimento] => 6,35
            [ValorValorDeclarado] => 0,59
            [EntregaDomiciliar] => S
            [EntregaSabado] => N
            [obsFim] => SimpleXMLElement Object
                (
                )

            [Erro] => 0
            [MsgErro] => SimpleXMLElement Object
                (
                )

        )

)

04-21-2020 @ 17:23:04 - Weight and cubage of the order: Array
(
    [weight] => 0,15
    [height] => 10
    [width] => 11
    [length] => 16
)

04-21-2020 @ 17:23:04 - Requesting Correios WebServices: http://ws.correios.com.br/calculador/CalcPrecoPrazo.aspx?nCdServico=04014&nCdEmpresa&sDsSenha&sCepDestino=37136248&sCepOrigem=37136248&nVlAltura=10&nVlLargura=11&nVlDiametro=0&nVlComprimento=16&nVlPeso=0,25&nCdFormato=1&sCdMaoPropria=S&nVlValorDeclarado=50&sCdAvisoRecebimento=S&StrRetorno=xml
04-21-2020 @ 17:23:04 - Correios WebServices response: SimpleXMLElement Object
(
    [cServico] => SimpleXMLElement Object
        (
            [Codigo] => 04014
            [Valor] => 35,44
            [PrazoEntrega] => 4
            [ValorSemAdicionais] => 21,00
            [ValorMaoPropria] => 7,50
            [ValorAvisoRecebimento] => 6,35
            [ValorValorDeclarado] => 0,59
            [EntregaDomiciliar] => S
            [EntregaSabado] => N
            [obsFim] => SimpleXMLElement Object
                (
                )

            [Erro] => 0
            [MsgErro] => SimpleXMLElement Object
                (
                )

        )

)

04-21-2020 @ 17:23:09 - Weight and cubage of the order: Array
(
    [weight] => 0,15
    [height] => 10
    [width] => 11
    [length] => 16
)

04-21-2020 @ 17:23:09 - Requesting Correios WebServices: http://ws.correios.com.br/calculador/CalcPrecoPrazo.aspx?nCdServico=04014&nCdEmpresa&sDsSenha&sCepDestino=37136248&sCepOrigem=37136248&nVlAltura=10&nVlLargura=11&nVlDiametro=0&nVlComprimento=16&nVlPeso=0,25&nCdFormato=1&sCdMaoPropria=S&nVlValorDeclarado=50&sCdAvisoRecebimento=S&StrRetorno=xml
04-21-2020 @ 17:23:10 - Correios WebServices response: SimpleXMLElement Object
(
    [cServico] => SimpleXMLElement Object
        (
            [Codigo] => 04014
            [Valor] => 35,44
            [PrazoEntrega] => 4
            [ValorSemAdicionais] => 21,00
            [ValorMaoPropria] => 7,50
            [ValorAvisoRecebimento] => 6,35
            [ValorValorDeclarado] => 0,59
            [EntregaDomiciliar] => S
            [EntregaSabado] => N
            [obsFim] => SimpleXMLElement Object
                (
                )

            [Erro] => 0
            [MsgErro] => SimpleXMLElement Object
                (
                )

        )

)

04-21-2020 @ 17:23:22 - Weight and cubage of the order: Array
(
    [weight] => 0,15
    [height] => 10
    [width] => 11
    [length] => 16
)

04-21-2020 @ 17:23:22 - Requesting Correios WebServices: http://ws.correios.com.br/calculador/CalcPrecoPrazo.aspx?nCdServico=04014&nCdEmpresa&sDsSenha&sCepDestino=37136248&sCepOrigem=37136248&nVlAltura=10&nVlLargura=11&nVlDiametro=0&nVlComprimento=16&nVlPeso=0,25&nCdFormato=1&sCdMaoPropria=S&nVlValorDeclarado=50&sCdAvisoRecebimento=S&StrRetorno=xml
04-21-2020 @ 17:23:22 - Correios WebServices response: SimpleXMLElement Object
(
    [cServico] => SimpleXMLElement Object
        (
            [Codigo] => 04014
            [Valor] => 35,44
            [PrazoEntrega] => 4
            [ValorSemAdicionais] => 21,00
            [ValorMaoPropria] => 7,50
            [ValorAvisoRecebimento] => 6,35
            [ValorValorDeclarado] => 0,59
            [EntregaDomiciliar] => S
            [EntregaSabado] => N
            [obsFim] => SimpleXMLElement Object
                (
                )

            [Erro] => 0
            [MsgErro] => SimpleXMLElement Object
                (
                )

        )

)

04-21-2020 @ 17:23:23 - Weight and cubage of the order: Array
(
    [weight] => 0,15
    [height] => 10
    [width] => 11
    [length] => 16
)

04-21-2020 @ 17:23:23 - Requesting Correios WebServices: http://ws.correios.com.br/calculador/CalcPrecoPrazo.aspx?nCdServico=04014&nCdEmpresa&sDsSenha&sCepDestino=37136248&sCepOrigem=37136248&nVlAltura=10&nVlLargura=11&nVlDiametro=0&nVlComprimento=16&nVlPeso=0,25&nCdFormato=1&sCdMaoPropria=S&nVlValorDeclarado=50&sCdAvisoRecebimento=S&StrRetorno=xml
04-21-2020 @ 17:23:23 - Correios WebServices response: SimpleXMLElement Object
(
    [cServico] => SimpleXMLElement Object
        (
            [Codigo] => 04014
            [Valor] => 35,44
            [PrazoEntrega] => 4
            [ValorSemAdicionais] => 21,00
            [ValorMaoPropria] => 7,50
            [ValorAvisoRecebimento] => 6,35
            [ValorValorDeclarado] => 0,59
            [EntregaDomiciliar] => S
            [EntregaSabado] => N
            [obsFim] => SimpleXMLElement Object
                (
                )

            [Erro] => 0
            [MsgErro] => SimpleXMLElement Object
                (
                )

        )

)

04-21-2020 @ 17:23:32 - Weight and cubage of the order: Array
(
    [weight] => 0,15
    [height] => 10
    [width] => 11
    [length] => 16
)

04-21-2020 @ 17:23:32 - Requesting Correios WebServices: http://ws.correios.com.br/calculador/CalcPrecoPrazo.aspx?nCdServico=04014&nCdEmpresa&sDsSenha&sCepDestino=37136248&sCepOrigem=37136248&nVlAltura=10&nVlLargura=11&nVlDiametro=0&nVlComprimento=16&nVlPeso=0,25&nCdFormato=1&sCdMaoPropria=S&nVlValorDeclarado=50&sCdAvisoRecebimento=S&StrRetorno=xml
04-21-2020 @ 17:23:34 - Correios WebServices response: SimpleXMLElement Object
(
    [cServico] => SimpleXMLElement Object
        (
            [Codigo] => 04014
            [Valor] => 35,44
            [PrazoEntrega] => 4
            [ValorSemAdicionais] => 21,00
            [ValorMaoPropria] => 7,50
            [ValorAvisoRecebimento] => 6,35
            [ValorValorDeclarado] => 0,59
            [EntregaDomiciliar] => S
            [EntregaSabado] => N
            [obsFim] => SimpleXMLElement Object
                (
                )

            [Erro] => 0
            [MsgErro] => SimpleXMLElement Object
                (
                )

        )

)

04-21-2020 @ 17:23:35 - Weight and cubage of the order: Array
(
    [weight] => 0,15
    [height] => 10
    [width] => 11
    [length] => 16
)

04-21-2020 @ 17:23:35 - Requesting Correios WebServices: http://ws.correios.com.br/calculador/CalcPrecoPrazo.aspx?nCdServico=04014&nCdEmpresa&sDsSenha&sCepDestino=37136248&sCepOrigem=37136248&nVlAltura=10&nVlLargura=11&nVlDiametro=0&nVlComprimento=16&nVlPeso=0,25&nCdFormato=1&sCdMaoPropria=S&nVlValorDeclarado=50&sCdAvisoRecebimento=S&StrRetorno=xml
04-21-2020 @ 17:23:35 - Correios WebServices response: SimpleXMLElement Object
(
    [cServico] => SimpleXMLElement Object
        (
            [Codigo] => 04014
            [Valor] => 35,44
            [PrazoEntrega] => 4
            [ValorSemAdicionais] => 21,00
            [ValorMaoPropria] => 7,50
            [ValorAvisoRecebimento] => 6,35
            [ValorValorDeclarado] => 0,59
            [EntregaDomiciliar] => S
            [EntregaSabado] => N
            [obsFim] => SimpleXMLElement Object
                (
                )

            [Erro] => 0
            [MsgErro] => SimpleXMLElement Object
                (
                )

        )

)

04-21-2020 @ 17:40:56 - Weight and cubage of the order: Array
(
    [weight] => 0,15
    [height] => 10
    [width] => 11
    [length] => 16
)

04-21-2020 @ 17:40:56 - Requesting Correios WebServices: http://ws.correios.com.br/calculador/CalcPrecoPrazo.aspx?nCdServico=04014&nCdEmpresa&sDsSenha&sCepDestino=37136248&sCepOrigem=37136248&nVlAltura=10&nVlLargura=11&nVlDiametro=0&nVlComprimento=16&nVlPeso=0,25&nCdFormato=1&sCdMaoPropria=S&nVlValorDeclarado=50&sCdAvisoRecebimento=S&StrRetorno=xml
04-21-2020 @ 17:40:56 - Correios WebServices response: SimpleXMLElement Object
(
    [cServico] => SimpleXMLElement Object
        (
            [Codigo] => 04014
            [Valor] => 35,44
            [PrazoEntrega] => 4
            [ValorSemAdicionais] => 21,00
            [ValorMaoPropria] => 7,50
            [ValorAvisoRecebimento] => 6,35
            [ValorValorDeclarado] => 0,59
            [EntregaDomiciliar] => S
            [EntregaSabado] => N
            [obsFim] => SimpleXMLElement Object
                (
                )

            [Erro] => 0
            [MsgErro] => SimpleXMLElement Object
                (
                )

        )

)

