04-18-2020 @ 11:05:01 - Requesting session ID...
04-18-2020 @ 11:05:02 - PagSeguro session is valid! The return is: SimpleXMLElement Object
(
    [id] => 4b1fa92f71f44caa8017b89094ee8712
)

04-18-2020 @ 11:53:48 - Requesting session ID...
04-18-2020 @ 11:53:48 - PagSeguro session is valid! The return is: SimpleXMLElement Object
(
    [id] => 1685b2957a8c4bf79e6158e12db72482
)

04-18-2020 @ 14:49:22 - Requesting session ID...
04-18-2020 @ 14:49:22 - PagSeguro session is valid! The return is: SimpleXMLElement Object
(
    [id] => 4dc11da0b90f4866b45ba0b989de17c3
)

04-18-2020 @ 15:00:45 - Requesting session ID...
04-18-2020 @ 15:00:45 - PagSeguro session is valid! The return is: SimpleXMLElement Object
(
    [id] => 531310a8121844ae878c0a7e31dfbb34
)

04-18-2020 @ 15:03:07 - Requesting session ID...
04-18-2020 @ 15:03:10 - PagSeguro session is valid! The return is: SimpleXMLElement Object
(
    [id] => 7881f2c8b3d0413abc65835462be1e9c
)

04-18-2020 @ 15:30:21 - Requesting session ID...
04-18-2020 @ 15:30:22 - PagSeguro session is valid! The return is: SimpleXMLElement Object
(
    [id] => 5bf18785a46a483aab77425c4aa4baee
)

04-18-2020 @ 15:35:30 - Requesting session ID...
04-18-2020 @ 15:35:30 - PagSeguro session is valid! The return is: SimpleXMLElement Object
(
    [id] => 97fb343b14034b61b953ff9dae2f1111
)

04-18-2020 @ 15:50:00 - Requesting session ID...
04-18-2020 @ 15:50:01 - PagSeguro session is valid! The return is: SimpleXMLElement Object
(
    [id] => 8f7d5cc75e2e4cb2b42639bb932f7008
)

04-18-2020 @ 15:50:31 - Requesting session ID...
04-18-2020 @ 15:50:31 - PagSeguro session is valid! The return is: SimpleXMLElement Object
(
    [id] => 539fc37b8fa54aa0b74f2b9ea306a128
)

04-18-2020 @ 15:50:52 - Requesting session ID...
04-18-2020 @ 15:50:53 - PagSeguro session is valid! The return is: SimpleXMLElement Object
(
    [id] => 6029adce28a54793a2f3e00f1035081e
)

04-18-2020 @ 17:09:03 - Requesting session ID...
04-18-2020 @ 17:09:03 - PagSeguro session is valid! The return is: SimpleXMLElement Object
(
    [id] => 673704198b93458cbbee4b9a0085721e
)

04-18-2020 @ 17:13:27 - Requesting session ID...
04-18-2020 @ 17:13:28 - PagSeguro session is valid! The return is: SimpleXMLElement Object
(
    [id] => e3b35a68d7da46fcb88ef05f268c5a57
)

04-18-2020 @ 17:14:56 - Requesting session ID...
04-18-2020 @ 17:14:57 - PagSeguro session is valid! The return is: SimpleXMLElement Object
(
    [id] => 01e1813df8914f5b85bd054f9c0baef2
)

04-18-2020 @ 17:18:51 - Requesting session ID...
04-18-2020 @ 17:18:52 - PagSeguro session is valid! The return is: SimpleXMLElement Object
(
    [id] => a8e9afc3f6b44aa6a5777c08637536ae
)

04-18-2020 @ 18:09:08 - Requesting session ID...
04-18-2020 @ 18:09:09 - PagSeguro session is valid! The return is: SimpleXMLElement Object
(
    [id] => 436f90c5fa384d22bf8d28c8f9488419
)

04-18-2020 @ 18:10:09 - Requesting session ID...
04-18-2020 @ 18:10:10 - PagSeguro session is valid! The return is: SimpleXMLElement Object
(
    [id] => e483066c6a0d4579b6ff96a37c52a173
)

04-18-2020 @ 18:14:01 - Requesting session ID...
04-18-2020 @ 18:14:01 - PagSeguro session is valid! The return is: SimpleXMLElement Object
(
    [id] => 35b3e117ba3b426d9f12fbb90375fe16
)

04-18-2020 @ 18:15:58 - Requesting session ID...
04-18-2020 @ 18:16:02 - PagSeguro session is valid! The return is: SimpleXMLElement Object
(
    [id] => 6f555805eb584ff18867e864740494a1
)

04-18-2020 @ 18:30:28 - Requesting session ID...
04-18-2020 @ 18:30:28 - PagSeguro session is valid! The return is: SimpleXMLElement Object
(
    [id] => 5d73a70a27c244818e9b7a4c565dbd53
)

04-18-2020 @ 20:59:59 - Requesting session ID...
04-18-2020 @ 21:00:00 - PagSeguro session is valid! The return is: SimpleXMLElement Object
(
    [id] => 17f9dc9cee5a40a1bb280fe4fa86f465
)

